Determining if the pthread_create exist failed with the following output:
Change Dir: /home/can/catkin_ws/build/iq_gnc/CMakeFiles/CMakeTmp

Run Build Command:"/usr/bin/make" "cmTC_868be/fast"
/usr/bin/make -f CMakeFiles/cmTC_868be.dir/build.make CMakeFiles/cmTC_868be.dir/build
make[1]: Entering directory '/home/can/catkin_ws/build/iq_gnc/CMakeFiles/CMakeTmp'
Building C object CMakeFiles/cmTC_868be.dir/CheckSymbolExists.c.o
/usr/lib/ccache/cc    -o CMakeFiles/cmTC_868be.dir/CheckSymbolExists.c.o   -c /home/can/catkin_ws/build/iq_gnc/CMakeFiles/CMakeTmp/CheckSymbolExists.c
Linking C executable cmTC_868be
/usr/bin/cmake -E cmake_link_script CMakeFiles/cmTC_868be.dir/link.txt --verbose=1
/usr/lib/ccache/cc      -rdynamic CMakeFiles/cmTC_868be.dir/CheckSymbolExists.c.o  -o cmTC_868be 
CMakeFiles/cmTC_868be.dir/CheckSymbolExists.c.o: In function `main':
CheckSymbolExists.c:(.text+0x1b): undefined reference to `pthread_create'
collect2: error: ld returned 1 exit status
CMakeFiles/cmTC_868be.dir/build.make:97: recipe for target 'cmTC_868be' failed
make[1]: *** [cmTC_868be] Error 1
make[1]: Leaving directory '/home/can/catkin_ws/build/iq_gnc/CMakeFiles/CMakeTmp'
Makefile:126: recipe for target 'cmTC_868be/fast' failed
make: *** [cmTC_868be/fast] Error 2

File /home/can/catkin_ws/build/iq_gnc/CMakeFiles/CMakeTmp/CheckSymbolExists.c:
/* */
#include <pthread.h>

int main(int argc, char** argv)
{
  (void)argv;
#ifndef pthread_create
  return ((int*)(&pthread_create))[argc];
#else
  (void)argc;
  return 0;
#endif
}

Determining if the function pthread_create exists in the pthreads failed with the following output:
Change Dir: /home/can/catkin_ws/build/iq_gnc/CMakeFiles/CMakeTmp

Run Build Command:"/usr/bin/make" "cmTC_e7afe/fast"
/usr/bin/make -f CMakeFiles/cmTC_e7afe.dir/build.make CMakeFiles/cmTC_e7afe.dir/build
make[1]: Entering directory '/home/can/catkin_ws/build/iq_gnc/CMakeFiles/CMakeTmp'
Building C object CMakeFiles/cmTC_e7afe.dir/CheckFunctionExists.c.o
/usr/lib/ccache/cc   -DCHECK_FUNCTION_EXISTS=pthread_create   -o CMakeFiles/cmTC_e7afe.dir/CheckFunctionExists.c.o   -c /usr/share/cmake-3.10/Modules/CheckFunctionExists.c
Linking C executable cmTC_e7afe
/usr/bin/cmake -E cmake_link_script CMakeFiles/cmTC_e7afe.dir/link.txt --verbose=1
/usr/lib/ccache/cc  -DCHECK_FUNCTION_EXISTS=pthread_create    -rdynamic CMakeFiles/cmTC_e7afe.dir/CheckFunctionExists.c.o  -o cmTC_e7afe -lpthreads 
/usr/bin/ld: cannot find -lpthreads
collect2: error: ld returned 1 exit status
CMakeFiles/cmTC_e7afe.dir/build.make:97: recipe for target 'cmTC_e7afe' failed
make[1]: *** [cmTC_e7afe] Error 1
make[1]: Leaving directory '/home/can/catkin_ws/build/iq_gnc/CMakeFiles/CMakeTmp'
Makefile:126: recipe for target 'cmTC_e7afe/fast' failed
make: *** [cmTC_e7afe/fast] Error 2


